22:32:11 [INFO]: User default is logged in
22:32:11 [INFO]: State is stored
22:32:13 [INFO]: User opened page http://localhost:8080
22:32:13 [INFO]: Page is closed
22:32:16 [INFO]: User opened page http://localhost:8080
22:32:16 [INFO]: Page is closed
22:32:18 [INFO]: User opened page http://localhost:8080
22:32:18 [INFO]: Page is closed
22:32:18 [INFO]: Browser is closed
22:36:55 [INFO]: User default is logged in
22:36:55 [INFO]: State is stored
22:36:58 [INFO]: User opened page http://localhost:8080
22:37:05 [INFO]: Page is closed
22:37:07 [INFO]: User opened page http://localhost:8080
22:37:09 [INFO]: Page is closed
22:37:12 [INFO]: User opened page http://localhost:8080
22:37:13 [INFO]: Page is closed
22:37:14 [INFO]: Browser is closed
22:40:43 [INFO]: User default is logged in
22:40:43 [INFO]: State is stored
22:40:45 [INFO]: User opened page http://localhost:8080
22:40:46 [INFO]: Page is closed
22:40:48 [INFO]: User opened page http://localhost:8080
22:40:50 [INFO]: Page is closed
22:40:53 [INFO]: User opened page http://localhost:8080
22:40:59 [INFO]: Page is closed
22:40:59 [INFO]: Browser is closed
22:41:49 [INFO]: User default is logged in
22:41:49 [INFO]: State is stored
22:41:52 [INFO]: User opened page http://localhost:8080
22:41:53 [INFO]: Page is closed
22:41:56 [INFO]: User opened page http://localhost:8080
22:41:57 [INFO]: Page is closed
22:42:02 [INFO]: User opened page http://localhost:8080
22:42:07 [INFO]: Page is closed
22:42:08 [INFO]: Browser is closed
22:56:49 [INFO]: User default is logged in
22:56:49 [INFO]: State is stored
22:56:56 [INFO]: User opened page http://localhost:8080
22:56:57 [INFO]: Page is closed
22:56:59 [INFO]: User opened page http://localhost:8080
22:57:01 [INFO]: Page is closed
22:57:03 [INFO]: User opened page http://localhost:8080
22:57:05 [INFO]: Page is closed
22:57:05 [INFO]: Browser is closed
